#
# A fatal error has been detected by the Java Runtime Environment:
#
#  EXCEPTION_PRIV_INSTRUCTION (0xc0000096) at pc=0x00007ffa42af9045, pid=6592, tid=5044
#
# JRE version:  (17.0.7+7) (build )
# Java VM: OpenJDK 64-Bit Server VM (17.0.7+7, mixed mode, sharing, tiered, compressed oops, compressed class ptrs, g1 gc, windows-amd64)
# Problematic frame:
# V  [jvm.dll+0x649045]
#
# No core dump will be written. Minidumps are not enabled by default on client versions of Windows
#
#

---------------  S U M M A R Y ------------

Command Line: -Dfile.encoding=UTF-8 -XX:+ShowCodeDetailsInExceptionMessages com.devops.murali.java.JavaApplication

Host: Intel(R) Core(TM) i3-4005U CPU @ 1.70GHz, 4 cores, 3G,  Windows 10 , 64 bit Build 19041 (10.0.19041.2913)
Time: Wed May 24 22:26:16 2023 India Standard Time elapsed time: 0.040437 seconds (0d 0h 0m 0s)

---------------  T H R E A D  ---------------

Current thread is native thread

Stack: [0x0000005c80c00000,0x0000005c80d00000],  sp=0x0000005c80cff8a0,  free space=1022k
Native frames: (J=compiled Java code, j=interpreted, Vv=VM code, C=native code)
V  [jvm.dll+0x649045]
V  [jvm.dll+0x36add8]
V  [jvm.dll+0x7e5a73]
V  [jvm.dll+0x3ed56f]
V  [jvm.dll+0x3ef0a1]
C  [jli.dll+0x528b]
C  [ucrtbase.dll+0x21bb2]
C  [KERNEL32.DLL+0x17614]
C  [ntdll.dll+0x526a1]


siginfo: EXCEPTION_PRIV_INSTRUCTION (0xc0000096)


Registers:
RAX=0x000001baa02caf60, RBX=0x0000000000000000, RCX=0x0000000000000030, RDX=0x0000000000000015
RSP=0x0000005c80cff8a0, RBP=0x0000005c80cffa10, RSI=0x00007ffa430307a0, RDI=0x000001baa02caf60
R8 =0x0000000000000000, R9 =0x000000000000003d, R10=0x0000000000000000, R11=0x8f100a36bbe33f07
R12=0x0000000000000001, R13=0x00007ffa42e76140, R14=0x0000005c80cffcd8, R15=0x00007ffa42ae4ba0
RIP=0x00007ffa42af9045, EFLAGS=0x0000000000010216

Top of Stack: (sp=0x0000005c80cff8a0)
0x0000005c80cff8a0:   0000000000000000 00007ffa430307a0
0x0000005c80cff8b0:   00007ffa00000000 0000005c80cffcd8
0x0000005c80cff8c0:   0000005c00000001 0000000000000000
0x0000005c80cff8d0:   0000000000000000 00007ffa4281add8
0x0000005c80cff8e0:   0000000000000000 00007ffa42e76158
0x0000005c80cff8f0:   0000005c80cffa10 0000005c00000004
0x0000005c80cff900:   0000000000000000 00007ffa42c95a73
0x0000005c80cff910:   0000000000000000 0000000000000000
0x0000005c80cff920:   0000000000000001 0000000000000000
0x0000005c80cff930:   0000005c80cffb40 0000000000000000
0x0000005c80cff940:   0000005c80cffcd8 00007ffa94a6db00
0x0000005c80cff950:   0000000000000001 000001884eb09876
0x0000005c80cff960:   000001ba9e1910d0 0000005c80cffa88
0x0000005c80cff970:   000001ba9e190840 00007ffa94a6d996
0x0000005c80cff980:   0000005c80cffc00 00007ffa94a8d9b4
0x0000005c80cff990:   000001ba9e1a6f20 0000005c80cffa88 

Instructions: (pc=0x00007ffa42af9045)
0x00007ffa42af8f45:   15 ff c1 89 0d 52 7c 53 00 8d 4a 6b e8 4a d8 a5
0x00007ffa42af8f55:   ff 48 8b f8 48 85 c0 74 1d 41 b1 01 89 5c 24 20
0x00007ffa42af8f65:   4c 8d 05 cc 76 35 00 ba 16 00 00 00 48 8b c8 e8
0x00007ffa42af8f75:   67 ea ff ff eb 03 48 8b fb 48 63 0d 1b 7c 53 00
0x00007ffa42af8f85:   45 33 c0 48 89 3d f1 75 53 00 48 89 3c ce 41 8d
0x00007ffa42af8f95:   50 15 ff c1 89 0d 01 7c 53 00 8d 4a 6b e8 f9 d7
0x00007ffa42af8fa5:   a5 ff 48 8b f8 48 85 c0 74 1d 41 b1 01 89 5c 24
0x00007ffa42af8fb5:   20 4c 8d 05 93 76 35 00 ba 0b 00 00 00 48 8b c8
0x00007ffa42af8fc5:   e8 16 ea ff ff eb 03 48 8b fb 48 63 0d ca 7b 53
0x00007ffa42af8fd5:   00 45 33 c0 48 89 3d a8 75 53 00 48 89 3c ce 41
0x00007ffa42af8fe5:   8d 50 15 ff c1 89 0d b0 7b 53 00 8d 4a 6b e8 a8
0x00007ffa42af8ff5:   d7 a5 ff 48 8b f8 48 85 c0 74 21 41 b1 01 c7 44
0x00007ffa42af9005:   24 20 01 00 00 00 4c 8d 05 5e 76 35 00 ba 17 00
0x00007ffa42af9015:   00 00 48 8b c8 e8 c1 e9 ff ff eb 03 48 8b fb 48
0x00007ffa42af9025:   63 0d 75 7b 53 00 45 33 c0 48 89 3d 3b 75 53 00
0x00007ffa42af9035:   48 89 3c ce 41 8d 50 15 ff c1 89 0d 5b 7b 53 00
0x00007ffa42af9045:   f4 01 1c e4 00 a0 60 00 00 1d 00 00 00 29 00 34
0x00007ffa42af9055:   00 80 00 00 00 ff ff ff ff ff ff 54 47 e8 a9 a4
0x00007ffa42af9065:   d8 54 47 e8 a9 a4 d8 a0 60 97 61 fc 17 4f 00 00
0x00007ffa42af9075:   00 64 00 31 04 00 05 75 76 20 32 47 01 08 82 84
0x00007ffa42af9085:   8b 96 0c 12 18 24 03 01 05 05 04 00 01 00 00 07
0x00007ffa42af9095:   06 55 53 20 01 0b 1e 2a 01 00 32 04 30 48 60 6c
0x00007ffa42af90a5:   0b 05 06 00 05 00 00 2d 1a ee 11 17 ff ff 00 00
0x00007ffa42af90b5:   00 00 00 00 00 00 00 00 00 00 00 00 00 00 00 00
0x00007ffa42af90c5:   00 00 00 3d 16 05 07 00 00 00 00 00 00 00 00 00
0x00007ffa42af90d5:   00 00 00 00 00 00 00 00 00 00 00 dd 16 00 50 f2
0x00007ffa42af90e5:   01 01 00 00 50 f2 02 01 00 00 50 f2 02 01 00 00
0x00007ffa42af90f5:   50 f2 02 30 14 01 00 00 0f ac 02 01 00 00 0f ac
0x00007ffa42af9105:   04 01 00 00 0f ac 02 00 00 dd 18 00 50 f2 02 01
0x00007ffa42af9115:   01 00 00 03 a4 00 00 27 a4 00 00 42 43 5e 00 62
0x00007ffa42af9125:   32 2f 00 dd 06 00 e0 4c 02 01 60 7f 08 00 00 00
0x00007ffa42af9135:   00 00 00 00 89 0d 61 7a 53 00 8d 4a 6b e8 59 d6 



---------------  P R O C E S S  ---------------

VM state: not at safepoint (not fully initialized)

VM Mutex/Monitor currently owned by a thread: None

Heap address: 0x0000000000000000, size: 0 MB, Compressed Oops mode: 32-bit

CDS archive(s) mapped at: [0x0000000000000000-0x0000000000000000-0x0000000000000000), size 0, SharedBaseAddress: 0x0000000800000000, ArchiveRelocationMode: 0.
Narrow klass base: 0x0000000000000000, Narrow klass shift: 0, Narrow klass range: 0x0

GC Precious Log:
<Not initialized>

Dll operation events (0 events):
No events

Deoptimization events (0 events):
No events

Classes unloaded (0 events):
No events

Classes redefined (0 events):
No events

Internal exceptions (0 events):
No events

VM Operations (0 events):
No events

Events (0 events):
No events


Dynamic libraries:
0x00007ff7d0ef0000 - 0x00007ff7d0efe000 	C:\Users\murali\.p2\pool\plugins\org.eclipse.justj.openjdk.hotspot.jre.full.win32.x86_64_17.0.7.v20230425-1502\jre\bin\javaw.exe
0x00007ffa94a30000 - 0x00007ffa94c28000 	C:\Windows\SYSTEM32\ntdll.dll
0x00007ffa946c0000 - 0x00007ffa9477f000 	C:\Windows\System32\KERNEL32.DLL
0x00007ffa924a0000 - 0x00007ffa92796000 	C:\Windows\System32\KERNELBASE.dll
0x00007ffa927a0000 - 0x00007ffa928a0000 	C:\Windows\System32\ucrtbase.dll
0x00007ffa765e0000 - 0x00007ffa765f7000 	C:\Users\murali\.p2\pool\plugins\org.eclipse.justj.openjdk.hotspot.jre.full.win32.x86_64_17.0.7.v20230425-1502\jre\bin\jli.dll
0x00007ffa92a90000 - 0x00007ffa92c2d000 	C:\Windows\System32\USER32.dll
0x00007ffa92a60000 - 0x00007ffa92a82000 	C:\Windows\System32\win32u.dll
0x00007ffa94990000 - 0x00007ffa949bc000 	C:\Windows\System32\GDI32.dll
0x00007ffa92110000 - 0x00007ffa92225000 	C:\Windows\System32\gdi32full.dll
0x00007ffa928a0000 - 0x00007ffa9293d000 	C:\Windows\System32\msvcp_win.dll
0x00007ffa75a90000 - 0x00007ffa75aa9000 	C:\Users\murali\.p2\pool\plugins\org.eclipse.justj.openjdk.hotspot.jre.full.win32.x86_64_17.0.7.v20230425-1502\jre\bin\VCRUNTIME140.dll
0x00007ffa707a0000 - 0x00007ffa70a3a000 	C:\Windows\WinSxS\amd64_microsoft.windows.common-controls_6595b64144ccf1df_6.0.19041.1110_none_60b5254171f9507e\COMCTL32.dll
0x00007ffa94110000 - 0x00007ffa941ae000 	C:\Windows\System32\msvcrt.dll
0x00007ffa941b0000 - 0x00007ffa941e0000 	C:\Windows\System32\IMM32.DLL
0x00007ffa8bfb0000 - 0x00007ffa8bfbc000 	C:\Users\murali\.p2\pool\plugins\org.eclipse.justj.openjdk.hotspot.jre.full.win32.x86_64_17.0.7.v20230425-1502\jre\bin\vcruntime140_1.dll
0x00007ffa61250000 - 0x00007ffa612e1000 	C:\Users\murali\.p2\pool\plugins\org.eclipse.justj.openjdk.hotspot.jre.full.win32.x86_64_17.0.7.v20230425-1502\jre\bin\msvcp140.dll
0x00007ffa424b0000 - 0x00007ffa430f8000 	C:\Users\murali\.p2\pool\plugins\org.eclipse.justj.openjdk.hotspot.jre.full.win32.x86_64_17.0.7.v20230425-1502\jre\bin\server\jvm.dll
0x00007ffa93b80000 - 0x00007ffa93c2f000 	C:\Windows\System32\ADVAPI32.dll
0x00007ffa93ad0000 - 0x00007ffa93b6c000 	C:\Windows\System32\sechost.dll
0x00007ffa93810000 - 0x00007ffa93936000 	C:\Windows\System32\RPCRT4.dll
0x00007ffa81a10000 - 0x00007ffa81a19000 	C:\Windows\SYSTEM32\WSOCK32.dll
0x00007ffa7a200000 - 0x00007ffa7a227000 	C:\Windows\SYSTEM32\WINMM.dll
0x00007ffa94650000 - 0x00007ffa946bb000 	C:\Windows\System32\WS2_32.dll
0x00007ffa85f00000 - 0x00007ffa85f0a000 	C:\Windows\SYSTEM32\VERSION.dll
0x00007ffa8ffd0000 - 0x00007ffa8ffe2000 	C:\Windows\SYSTEM32\kernel.appcore.dll
0x00007ffa8d550000 - 0x00007ffa8d55a000 	C:\Users\murali\.p2\pool\plugins\org.eclipse.justj.openjdk.hotspot.jre.full.win32.x86_64_17.0.7.v20230425-1502\jre\bin\jimage.dll
0x00007ffa8b8e0000 - 0x00007ffa8bac4000 	C:\Windows\SYSTEM32\DBGHELP.DLL
0x00007ffa8b8a0000 - 0x00007ffa8b8d4000 	C:\Windows\SYSTEM32\dbgcore.DLL
0x00007ffa92410000 - 0x00007ffa92492000 	C:\Windows\System32\bcryptPrimitives.dll

dbghelp: loaded successfully - version: 4.0.5 - missing functions: none
symbol engine: initialized successfully - sym options: 0x614 - pdb path: .;C:\Users\murali\.p2\pool\plugins\org.eclipse.justj.openjdk.hotspot.jre.full.win32.x86_64_17.0.7.v20230425-1502\jre\bin;C:\Windows\SYSTEM32;C:\Windows\WinSxS\amd64_microsoft.windows.common-controls_6595b64144ccf1df_6.0.19041.1110_none_60b5254171f9507e;C:\Users\murali\.p2\pool\plugins\org.eclipse.justj.openjdk.hotspot.jre.full.win32.x86_64_17.0.7.v20230425-1502\jre\bin\server

VM Arguments:
jvm_args: -Dfile.encoding=UTF-8 -XX:+ShowCodeDetailsInExceptionMessages 
java_command: com.devops.murali.java.JavaApplication
java_class_path (initial): C:\Users\murali\Downloads\java\target\classes;C:\Users\murali\.m2\repository\org\springframework\boot\spring-boot-starter-web\3.1.0\spring-boot-starter-web-3.1.0.jar;C:\Users\murali\.m2\repository\org\springframework\boot\spring-boot-starter\3.1.0\spring-boot-starter-3.1.0.jar;C:\Users\murali\.m2\repository\org\springframework\boot\spring-boot-starter-logging\3.1.0\spring-boot-starter-logging-3.1.0.jar;C:\Users\murali\.m2\repository\ch\qos\logback\logback-classic\1.4.7\logback-classic-1.4.7.jar;C:\Users\murali\.m2\repository\ch\qos\logback\logback-core\1.4.7\logback-core-1.4.7.jar;C:\Users\murali\.m2\repository\org\apache\logging\log4j\log4j-to-slf4j\2.20.0\log4j-to-slf4j-2.20.0.jar;C:\Users\murali\.m2\repository\org\apache\logging\log4j\log4j-api\2.20.0\log4j-api-2.20.0.jar;C:\Users\murali\.m2\repository\org\slf4j\jul-to-slf4j\2.0.7\jul-to-slf4j-2.0.7.jar;C:\Users\murali\.m2\repository\jakarta\annotation\jakarta.annotation-api\2.1.1\jakarta.annotation-api-2.1.1.jar;C:\Users\murali\.m2\repository\org\yaml\snakeyaml\1.33\snakeyaml-1.33.jar;C:\Users\murali\.m2\repository\org\springframework\boot\spring-boot-starter-json\3.1.0\spring-boot-starter-json-3.1.0.jar;C:\Users\murali\.m2\repository\com\fasterxml\jackson\core\jackson-databind\2.15.0\jackson-databind-2.15.0.jar;C:\Users\murali\.m2\repository\com\fasterxml\jackson\core\jackson-annotations\2.15.0\jackson-annotations-2.15.0.jar;C:\Users\murali\.m2\repository\com\fasterxml\jackson\core\jackson-core\2.15.0\jackson-core-2.15.0.jar;C:\Users\murali\.m2\repository\com\fasterxml\jackson\datatype\jackson-datatype-jdk8\2.15.0\jackson-datatype-jdk8-2.15.0.jar;C:\Users\murali\.m2\repository\com\fasterxml\jackson\datatype\jackson-datatype-jsr310\2.15.0\jackson-datatype-jsr310-2.15.0.jar;C:\Users\murali\.m2\repository\com\fasterxml\jackson\module\jackson-module-parameter-names\2.15.0\jackson-module-parameter-names-2.15.0.jar;C:\Users\murali\.m2\repository\org\springframework\boot\spring-boot-starte
Launcher Type: SUN_STANDARD

[Global flags]
     uint ConcGCThreads                            = 1                                         {product} {ergonomic}
     uint G1ConcRefinementThreads                  = 4                                         {product} {ergonomic}
    uintx GCDrainStackTargetSize                   = 64                                        {product} {ergonomic}
   size_t InitialHeapSize                          = 65992064                                  {product} {ergonomic}
   size_t MarkStackSize                            = 4194304                                   {product} {ergonomic}
   size_t MaxHeapSize                              = 1055873024                                {product} {ergonomic}
   size_t MinHeapSize                              = 6815736                                   {product} {ergonomic}
    uintx ReservedCodeCacheSize                    = 251658240                              {pd product} {ergonomic}
     bool SegmentedCodeCache                       = true                                      {product} {ergonomic}
     bool ShowCodeDetailsInExceptionMessages       = true                                   {manageable} {command line}
     bool UseCompressedClassPointers               = true                           {product lp64_product} {ergonomic}
     bool UseCompressedOops                        = true                           {product lp64_product} {ergonomic}
     bool UseG1GC                                  = true                                      {product} {ergonomic}
     bool UseLargePagesIndividualAllocation        = false                                  {pd product} {ergonomic}

Logging:
Log output configuration:
 #0: stdout all=warning uptime,level,tags
 #1: stderr all=off uptime,level,tags

Environment Variables:
PATH=C:/Users/murali/.p2/pool/plugins/org.eclipse.justj.openjdk.hotspot.jre.full.win32.x86_64_17.0.7.v20230425-1502/jre/bin/server;C:/Users/murali/.p2/pool/plugins/org.eclipse.justj.openjdk.hotspot.jre.full.win32.x86_64_17.0.7.v20230425-1502/jre/bin;C:\Windows\system32;C:\Windows;C:\Windows\System32\Wbem;C:\Windows\System32\WindowsPowerShell\v1.0\;C:\Windows\System32\OpenSSH\;C:\Program Files\Git\cmd;C:\Program Files\dotnet\;C:\Program Files\Microsoft SQL Server\Client SDK\ODBC\110\Tools\Binn\;C:\Program Files (x86)\Microsoft SQL Server\120\Tools\Binn\;C:\Program Files\Microsoft SQL Server\120\Tools\Binn\;C:\Program Files\Microsoft SQL Server\120\DTS\Binn\;C:\Program Files (x86)\Windows Kits\8.1\Windows Performance Toolkit\;C:\software\jdk-20\bin;C:\Users\murali\AppData\Local\Microsoft\WindowsApps;;C:\Users\murali\Desktop;
USERNAME=murali
OS=Windows_NT
PROCESSOR_IDENTIFIER=Intel64 Family 6 Model 69 Stepping 1, GenuineIntel
TMP=C:\Users\murali\AppData\Local\Temp
TEMP=C:\Users\murali\AppData\Local\Temp



---------------  S Y S T E M  ---------------

OS:
 Windows 10 , 64 bit Build 19041 (10.0.19041.2913)
OS uptime: 5 days 22:43 hours

CPU: total 4 (initial active 4) 

Memory: 4k page, system-wide physical 4027M (517M free)
TotalPageFile size 10171M (AvailPageFile size 3205M)
current process WorkingSet (physical memory assigned to process): 8M, peak: 8M
current process commit charge ("private bytes"): 3M, peak: 3M

vm_info: OpenJDK 64-Bit Server VM (17.0.7+7) for windows-amd64 JRE (17.0.7+7), built on Apr 18 2023 22:10:42 by "temurin" with MS VC++ 16.7 (VS2019)

END.
